Assembler report for pcihello
Wed Jun 13 19:30:32 2018
Quartus Prime Version 16.1.0 Build 196 10/24/2016 SJ Standard Edition


---------------------
; Table of Contents ;
---------------------
  1. Legal Notice
  2. Assembler Summary
  3. Assembler Settings
  4. Assembler Generated Files
  5. Assembler Device Options: C:/Users/dpc2/Clappy-Bird-Agr-vai/fpga/pcihello_restored/pcihello.sof
  6. Assembler Messages



----------------
; Legal Notice ;
----------------
Copyright (C) 2016  Intel Corporation. All rights reserved.
Your use of Intel Corporation's design tools, logic functions 
and other software and tools, and its AMPP partner logic 
functions, and any output files from any of the foregoing 
(including device programming or simulation files), and any 
associated documentation or information are expressly subject 
to the terms and conditions of the Intel Program License 
Subscription Agreement, the Intel Quartus Prime License Agreement,
the Intel MegaCore Function License Agreement, or other 
applicable license agreement, including, without limitation, 
that your use is for the sole purpose of programming logic 
devices manufactured by Intel and sold by Intel or its 
authorized distributors.  Please refer to the applicable 
agreement for further details.



+---------------------------------------------------------------+
; Assembler Summary                                             ;
+-----------------------+---------------------------------------+
; Assembler Status      ; Successful - Wed Jun 13 19:30:32 2018 ;
; Revision Name         ; pcihello                              ;
; Top-level Entity Name ; pcihello                              ;
; Family                ; Cyclone IV GX                         ;
; Device                ; EP4CGX150DF31C7                       ;
+-----------------------+---------------------------------------+


+----------------------------------+
; Assembler Settings               ;
+--------+---------+---------------+
; Option ; Setting ; Default Value ;
+--------+---------+---------------+


+-----------------------------------------------------------------------+
; Assembler Generated Files                                             ;
+-----------------------------------------------------------------------+
; File Name                                                             ;
+-----------------------------------------------------------------------+
; C:/Users/dpc2/Clappy-Bird-Agr-vai/fpga/pcihello_restored/pcihello.sof ;
+-----------------------------------------------------------------------+


+-------------------------------------------------------------------------------------------------+
; Assembler Device Options: C:/Users/dpc2/Clappy-Bird-Agr-vai/fpga/pcihello_restored/pcihello.sof ;
+----------------+--------------------------------------------------------------------------------+
; Option         ; Setting                                                                        ;
+----------------+--------------------------------------------------------------------------------+
; Device         ; EP4CGX150DF31C7                                                                ;
; JTAG usercode  ; 0xFFFFFFFF                                                                     ;
; Checksum       ; 0x00B2AB94                                                                     ;
+----------------+--------------------------------------------------------------------------------+


+--------------------+
; Assembler Messages ;
+--------------------+
Info: *******************************************************************
Info: Running Quartus Prime Assembler
    Info: Version 16.1.0 Build 196 10/24/2016 SJ Standard Edition
    Info: Processing started: Wed Jun 13 19:30:25 2018
Info: Command: quartus_asm --read_settings_files=off --write_settings_files=off pcihello -c pcihello
Warning (18236): Number of processors has not been specified which may cause overloading on shared machines.  Set the global assignment NUM_PARALLEL_PROCESSORS in your QSF to an appropriate value for best performance.
Info (115031): Writing out detailed assembly data for power analysis
Info (115030): Assembler is generating device programming files
Info: Quartus Prime Assembler was successful. 0 errors, 1 warning
    Info: Peak virtual memory: 655 megabytes
    Info: Processing ended: Wed Jun 13 19:30:33 2018
    Info: Elapsed time: 00:00:08
    Info: Total CPU time (on all processors): 00:00:06


