Flow report for pcihello
Wed Jun 13 15:10:38 2018
Quartus Prime Version 16.1.0 Build 196 10/24/2016 SJ Standard Edition


---------------------
; Table of Contents ;
---------------------
  1. Legal Notice
  2. Flow Summary
  3. Flow Settings
  4. Flow Non-Default Global Settings
  5. Flow Elapsed Time
  6. Flow OS Summary
  7. Flow Log
  8. Flow Messages
  9. Flow Suppressed Messages



----------------
; Legal Notice ;
----------------
Copyright (C) 2016  Intel Corporation. All rights reserved.
Your use of Intel Corporation's design tools, logic functions 
and other software and tools, and its AMPP partner logic 
functions, and any output files from any of the foregoing 
(including device programming or simulation files), and any 
associated documentation or information are expressly subject 
to the terms and conditions of the Intel Program License 
Subscription Agreement, the Intel Quartus Prime License Agreement,
the Intel MegaCore Function License Agreement, or other 
applicable license agreement, including, without limitation, 
that your use is for the sole purpose of programming logic 
devices manufactured by Intel and sold by Intel or its 
authorized distributors.  Please refer to the applicable 
agreement for further details.



+--------------------------------------------------------------------------------------+
; Flow Summary                                                                         ;
+------------------------------------+-------------------------------------------------+
; Flow Status                        ; Successful - Wed Jun 13 15:10:30 2018           ;
; Quartus Prime Version              ; 16.1.0 Build 196 10/24/2016 SJ Standard Edition ;
; Revision Name                      ; pcihello                                        ;
; Top-level Entity Name              ; pcihello                                        ;
; Family                             ; Cyclone IV GX                                   ;
; Device                             ; EP4CGX150DF31C7                                 ;
; Timing Models                      ; Final                                           ;
; Total logic elements               ; 5,746 / 149,760 ( 4 % )                         ;
;     Total combinational functions  ; 4,909 / 149,760 ( 3 % )                         ;
;     Dedicated logic registers      ; 3,558 / 149,760 ( 2 % )                         ;
; Total registers                    ; 3558                                            ;
; Total pins                         ; 119 / 508 ( 23 % )                              ;
; Total virtual pins                 ; 0                                               ;
; Total memory bits                  ; 54,656 / 6,635,520 ( < 1 % )                    ;
; Embedded Multiplier 9-bit elements ; 0 / 720 ( 0 % )                                 ;
; Total GXB Receiver Channel PCS     ; 1 / 8 ( 13 % )                                  ;
; Total GXB Receiver Channel PMA     ; 1 / 8 ( 13 % )                                  ;
; Total GXB Transmitter Channel PCS  ; 1 / 8 ( 13 % )                                  ;
; Total GXB Transmitter Channel PMA  ; 1 / 8 ( 13 % )                                  ;
; Total PLLs                         ; 1 / 8 ( 13 % )                                  ;
+------------------------------------+-------------------------------------------------+


+-----------------------------------------+
; Flow Settings                           ;
+-------------------+---------------------+
; Option            ; Setting             ;
+-------------------+---------------------+
; Start date & time ; 06/13/2018 15:08:08 ;
; Main task         ; Compilation         ;
; Revision Name     ; pcihello            ;
+-------------------+---------------------+


+--------------------------------------------------------------------------------------------------------------------------------------------------+
; Flow Non-Default Global Settings                                                                                                                 ;
+-------------------------------------+----------------------------------------------------------------+---------------+--------------+------------+
; Assignment Name                     ; Value                                                          ; Default Value ; Entity Name  ; Section Id ;
+-------------------------------------+----------------------------------------------------------------+---------------+--------------+------------+
; COMPILER_SIGNATURE_ID               ; 13557697421362.152891328707080                                 ; --            ; --           ; --         ;
; MAX_CORE_JUNCTION_TEMP              ; 85                                                             ; --            ; --           ; --         ;
; MIN_CORE_JUNCTION_TEMP              ; 0                                                              ; --            ; --           ; --         ;
; MISC_FILE                           ; pcihellocore/synthesis/../pcihellocore.cmp                     ; --            ; --           ; --         ;
; MISC_FILE                           ; pcihellocore/synthesis/../../pcihellocore.qsys                 ; --            ; --           ; --         ;
; PARTITION_COLOR                     ; -- (Not supported for targeted family)                         ; --            ; --           ; Top        ;
; PARTITION_FITTER_PRESERVATION_LEVEL ; -- (Not supported for targeted family)                         ; --            ; --           ; Top        ;
; PARTITION_NETLIST_TYPE              ; -- (Not supported for targeted family)                         ; --            ; --           ; Top        ;
; POWER_BOARD_THERMAL_MODEL           ; None (CONSERVATIVE)                                            ; --            ; --           ; --         ;
; POWER_PRESET_COOLING_SOLUTION       ; 23 MM HEAT SINK WITH 200 LFPM AIRFLOW                          ; --            ; --           ; --         ;
; SEARCH_PATH                         ; db/ip/pcihellocore/                                            ; --            ; --           ; --         ;
; SEARCH_PATH                         ; db/ip/pcihellocore/submodules/                                 ; --            ; --           ; --         ;
; SEARCH_PATH                         ; pcihellocore/synthesis/                                        ; --            ; --           ; --         ;
; SEARCH_PATH                         ; pcihellocore/synthesis/submodules/                             ; --            ; --           ; --         ;
; SLD_FILE                            ; pcihellocore/synthesis/pcihellocore.regmap                     ; --            ; --           ; --         ;
; SLD_FILE                            ; pcihellocore/synthesis/pcihellocore.debuginfo                  ; --            ; --           ; --         ;
; SLD_INFO                            ; QSYS_NAME pcihellocore HAS_SOPCINFO 1 GENERATION_ID 1528913248 ; --            ; pcihellocore ; --         ;
; SOPCINFO_FILE                       ; pcihellocore/synthesis/../../pcihellocore.sopcinfo             ; --            ; --           ; --         ;
; SYNTHESIS_ONLY_QIP                  ; On                                                             ; --            ; --           ; --         ;
+-------------------------------------+----------------------------------------------------------------+---------------+--------------+------------+


+-------------------------------------------------------------------------------------------------------------------------------+
; Flow Elapsed Time                                                                                                             ;
+---------------------------+--------------+-------------------------+---------------------+------------------------------------+
; Module Name               ; Elapsed Time ; Average Processors Used ; Peak Virtual Memory ; Total CPU Time (on all processors) ;
+---------------------------+--------------+-------------------------+---------------------+------------------------------------+
; Analysis & Synthesis      ; 00:01:26     ; 1.0                     ; 925 MB              ; 00:01:58                           ;
; Fitter                    ; 00:00:43     ; 1.0                     ; 1919 MB             ; 00:00:53                           ;
; Assembler                 ; 00:00:07     ; 1.0                     ; 649 MB              ; 00:00:06                           ;
; TimeQuest Timing Analyzer ; 00:00:06     ; 1.2                     ; 866 MB              ; 00:00:06                           ;
; Total                     ; 00:02:22     ; --                      ; --                  ; 00:03:03                           ;
+---------------------------+--------------+-------------------------+---------------------+------------------------------------+


+----------------------------------------------------------------------------------------+
; Flow OS Summary                                                                        ;
+---------------------------+------------------+-----------+------------+----------------+
; Module Name               ; Machine Hostname ; OS Name   ; OS Version ; Processor type ;
+---------------------------+------------------+-----------+------------+----------------+
; Analysis & Synthesis      ; HWC10            ; Windows 7 ; 6.1        ; x86_64         ;
; Fitter                    ; HWC10            ; Windows 7 ; 6.1        ; x86_64         ;
; Assembler                 ; HWC10            ; Windows 7 ; 6.1        ; x86_64         ;
; TimeQuest Timing Analyzer ; HWC10            ; Windows 7 ; 6.1        ; x86_64         ;
+---------------------------+------------------+-----------+------------+----------------+


------------
; Flow Log ;
------------
quartus_map --read_settings_files=on --write_settings_files=off pcihello -c pcihello
quartus_fit --read_settings_files=off --write_settings_files=off pcihello -c pcihello
quartus_asm --read_settings_files=off --write_settings_files=off pcihello -c pcihello
quartus_sta pcihello -c pcihello



